# JRE version: Java(TM) SE Runtime Environment (8.0_111-b14) (build 1.8.0_111-b14)
# Java VM: Java HotSpot(TM) 64-Bit Server VM (25.111-b14 mixed mode bsd-amd64 compressed oops)
Heap:
 PSYoungGen      total 76288K, used 0K [0x000000076ab00000, 0x0000000770000000, 0x00000007c0000000)
  eden space 65536K, 0% used [0x000000076ab00000,0x000000076ab00000,0x000000076eb00000)
  from space 10752K, 0% used [0x000000076eb00000,0x000000076eb00000,0x000000076f580000)
  to   space 10752K, 0% used [0x000000076f580000,0x000000076f580000,0x0000000770000000)
 ParOldGen       total 175104K, used 5619K [0x00000006c0000000, 0x00000006cab00000, 0x000000076ab00000)
  object space 175104K, 3% used [0x00000006c0000000,0x00000006c057cdb8,0x00000006cab00000)
 Metaspace       used 14598K, capacity 14842K, committed 15232K, reserved 1062912K
  class space    used 1724K, capacity 1799K, committed 1920K, reserved 1048576K
GC Heap History (10 events):
Event: 7220.487 GC heap before
{Heap before GC invocations=6 (full 3):
 PSYoungGen      total 76288K, used 128K [0x000000076ab00000, 0x0000000770000000, 0x00000007c0000000)
  eden space 65536K, 0% used [0x000000076ab00000,0x000000076ab00000,0x000000076eb00000)
  from space 10752K, 1% used [0x000000076eb00000,0x000000076eb20000,0x000000076f580000)
  to   space 10752K, 0% used [0x000000076f580000,0x000000076f580000,0x0000000770000000)
 ParOldGen       total 175104K, used 5396K [0x00000006c0000000, 0x00000006cab00000, 0x000000076ab00000)
  object space 175104K, 3% used [0x00000006c0000000,0x00000006c0545248,0x00000006cab00000)
 Metaspace       used 14524K, capacity 14780K, committed 14976K, reserved 1062912K
  class space    used 1727K, capacity 1814K, committed 1920K, reserved 1048576K
Event: 7220.522 GC heap after
Heap after GC invocations=6 (full 3):
 PSYoungGen      total 76288K, used 0K [0x000000076ab00000, 0x0000000770000000, 0x00000007c0000000)
  eden space 65536K, 0% used [0x000000076ab00000,0x000000076ab00000,0x000000076eb00000)
  from space 10752K, 0% used [0x000000076eb00000,0x000000076eb00000,0x000000076f580000)
  to   space 10752K, 0% used [0x000000076f580000,0x000000076f580000,0x0000000770000000)
 ParOldGen       total 175104K, used 3659K [0x00000006c0000000, 0x00000006cab00000, 0x000000076ab00000)
  object space 175104K, 2% used [0x00000006c0000000,0x00000006c0392ca8,0x00000006cab00000)
 Metaspace       used 14482K, capacity 14714K, committed 14976K, reserved 1062912K
  class space    used 1718K, capacity 1799K, committed 1920K, reserved 1048576K
}
Event: 10820.522 GC heap before
{Heap before GC invocations=7 (full 3):
 PSYoungGen      total 76288K, used 10814K [0x000000076ab00000, 0x0000000770000000, 0x00000007c0000000)
  eden space 65536K, 16% used [0x000000076ab00000,0x000000076b58f9d0,0x000000076eb00000)
  from space 10752K, 0% used [0x000000076eb00000,0x000000076eb00000,0x000000076f580000)
  to   space 10752K, 0% used [0x000000076f580000,0x000000076f580000,0x0000000770000000)
 ParOldGen       total 175104K, used 3659K [0x00000006c0000000, 0x00000006cab00000, 0x000000076ab00000)
  object space 175104K, 2% used [0x00000006c0000000,0x00000006c0392ca8,0x00000006cab00000)
 Metaspace       used 14525K, capacity 14778K, committed 15232K, reserved 1062912K
  class space    used 1719K, capacity 1799K, committed 1920K, reserved 1048576K
Event: 10820.523 GC heap after
Heap after GC invocations=7 (full 3):
 PSYoungGen      total 76288K, used 128K [0x000000076ab00000, 0x0000000770000000, 0x00000007c0000000)
  eden space 65536K, 0% used [0x000000076ab00000,0x000000076ab00000,0x000000076eb00000)
  from space 10752K, 1% used [0x000000076f580000,0x000000076f5a0000,0x0000000770000000)
  to   space 10752K, 0% used [0x000000076eb00000,0x000000076eb00000,0x000000076f580000)
 ParOldGen       total 175104K, used 3667K [0x00000006c0000000, 0x00000006cab00000, 0x000000076ab00000)
  object space 175104K, 2% used [0x00000006c0000000,0x00000006c0394ca8,0x00000006cab00000)
 Metaspace       used 14525K, capacity 14778K, committed 15232K, reserved 1062912K
  class space    used 1719K, capacity 1799K, committed 1920K, reserved 1048576K
}
Event: 10820.523 GC heap before
{Heap before GC invocations=8 (full 4):
 PSYoungGen      total 76288K, used 128K [0x000000076ab00000, 0x0000000770000000, 0x00000007c0000000)
  eden space 65536K, 0% used [0x000000076ab00000,0x000000076ab00000,0x000000076eb00000)
  from space 10752K, 1% used [0x000000076f580000,0x000000076f5a0000,0x0000000770000000)
  to   space 10752K, 0% used [0x000000076eb00000,0x000000076eb00000,0x000000076f580000)
 ParOldGen       total 175104K, used 3667K [0x00000006c0000000, 0x00000006cab00000, 0x000000076ab00000)
  object space 175104K, 2% used [0x00000006c0000000,0x00000006c0394ca8,0x00000006cab00000)
 Metaspace       used 14525K, capacity 14778K, committed 15232K, reserved 1062912K
  class space    used 1719K, capacity 1799K, committed 1920K, reserved 1048576K
Event: 10820.562 GC heap after
Heap after GC invocations=8 (full 4):
 PSYoungGen      total 76288K, used 0K [0x000000076ab00000, 0x0000000770000000, 0x00000007c0000000)
  eden space 65536K, 0% used [0x000000076ab00000,0x000000076ab00000,0x000000076eb00000)
  from space 10752K, 0% used [0x000000076f580000,0x000000076f580000,0x0000000770000000)
  to   space 10752K, 0% used [0x000000076eb00000,0x000000076eb00000,0x000000076f580000)
 ParOldGen       total 175104K, used 3641K [0x00000006c0000000, 0x00000006cab00000, 0x000000076ab00000)
  object space 175104K, 2% used [0x00000006c0000000,0x00000006c038e470,0x00000006cab00000)
 Metaspace       used 14525K, capacity 14778K, committed 15232K, reserved 1062912K
  class space    used 1719K, capacity 1799K, committed 1920K, reserved 1048576K
}
Event: 14420.571 GC heap before
{Heap before GC invocations=9 (full 4):
 PSYoungGen      total 76288K, used 14553K [0x000000076ab00000, 0x0000000770000000, 0x00000007c0000000)
  eden space 65536K, 22% used [0x000000076ab00000,0x000000076b936628,0x000000076eb00000)
  from space 10752K, 0% used [0x000000076f580000,0x000000076f580000,0x0000000770000000)
  to   space 10752K, 0% used [0x000000076eb00000,0x000000076eb00000,0x000000076f580000)
 ParOldGen       total 175104K, used 3641K [0x00000006c0000000, 0x00000006cab00000, 0x000000076ab00000)
  object space 175104K, 2% used [0x00000006c0000000,0x00000006c038e470,0x00000006cab00000)
 Metaspace       used 14598K, capacity 14842K, committed 15232K, reserved 1062912K
  class space    used 1724K, capacity 1799K, committed 1920K, reserved 1048576K
Event: 14420.573 GC heap after
Heap after GC invocations=9 (full 4):
 PSYoungGen      total 76288K, used 5839K [0x000000076ab00000, 0x0000000770000000, 0x00000007c0000000)
  eden space 65536K, 0% used [0x000000076ab00000,0x000000076ab00000,0x000000076eb00000)
  from space 10752K, 54% used [0x000000076eb00000,0x000000076f0b3d68,0x000000076f580000)
  to   space 10752K, 0% used [0x000000076f580000,0x000000076f580000,0x0000000770000000)
 ParOldGen       total 175104K, used 3649K [0x00000006c0000000, 0x00000006cab00000, 0x000000076ab00000)
  object space 175104K, 2% used [0x00000006c0000000,0x00000006c0390470,0x00000006cab00000)
 Metaspace       used 14598K, capacity 14842K, committed 15232K, reserved 1062912K
  class space    used 1724K, capacity 1799K, committed 1920K, reserved 1048576K
}
Event: 14420.573 GC heap before
{Heap before GC invocations=10 (full 5):
 PSYoungGen      total 76288K, used 5839K [0x000000076ab00000, 0x0000000770000000, 0x00000007c0000000)
  eden space 65536K, 0% used [0x000000076ab00000,0x000000076ab00000,0x000000076eb00000)
  from space 10752K, 54% used [0x000000076eb00000,0x000000076f0b3d68,0x000000076f580000)
  to   space 10752K, 0% used [0x000000076f580000,0x000000076f580000,0x0000000770000000)
 ParOldGen       total 175104K, used 3649K [0x00000006c0000000, 0x00000006cab00000, 0x000000076ab00000)
  object space 175104K, 2% used [0x00000006c0000000,0x00000006c0390470,0x00000006cab00000)
 Metaspace       used 14598K, capacity 14842K, committed 15232K, reserved 1062912K
  class space    used 1724K, capacity 1799K, committed 1920K, reserved 1048576K
Event: 14420.611 GC heap after
Heap after GC invocations=10 (full 5):
 PSYoungGen      total 76288K, used 0K [0x000000076ab00000, 0x0000000770000000, 0x00000007c0000000)
  eden space 65536K, 0% used [0x000000076ab00000,0x000000076ab00000,0x000000076eb00000)
  from space 10752K, 0% used [0x000000076eb00000,0x000000076eb00000,0x000000076f580000)
  to   space 10752K, 0% used [0x000000076f580000,0x000000076f580000,0x0000000770000000)
 ParOldGen       total 175104K, used 5619K [0x00000006c0000000, 0x00000006cab00000, 0x000000076ab00000)
  object space 175104K, 3% used [0x00000006c0000000,0x00000006c057cdb8,0x00000006cab00000)
 Metaspace       used 14598K, capacity 14842K, committed 15232K, reserved 1062912K
  class space    used 1724K, capacity 1799K, committed 1920K, reserved 1048576K
}

